1 1103.469306 # relic density 
100 0.228079 # ~Chi0 ~chi0 -> d2 D2
101 0.211378 # ~Chi0 ~chi0 -> d1 D1
102 0.165943 # ~Chi0 ~chi0 -> u1 U1
103 0.093054 # ~Chi0 ~chi0 -> nu1 nu1
104 0.067843 # ~Chi0 ~chi0 -> e2 E2
105 0.047595 # ~Chi0 ~chi0 -> e1 E1
106 0.046448 # ~Chi0 ~chi0 -> nu2 nu3
107 0.046448 # ~Chi0 ~chi0 -> nu4 nu5
108 0.023303 # ~Chi0 ~chi0 -> nu2 nu2
109 0.023303 # ~Chi0 ~chi0 -> nu3 nu3
110 0.023303 # ~Chi0 ~chi0 -> nu4 nu4
111 0.023303 # ~Chi0 ~chi0 -> nu5 nu5
201 0.000000038044588 #
202 0.000226403813728 #
203 0.000001644709821 #
204 0.000173121024798 # 
301 29.671093 #
302 106.150072 #
303 2.749813 #
304 97.658264 #
